[2026-04-15T16:51:34.340-0300] {local_task_job_runner.py:123} INFO - ::group::Pre task execution logs
[2026-04-15T16:51:34.345-0300] {taskinstance.py:2614} INFO - Dependencies all met for dep_context=non-requeueable deps ti=<TaskInstance: ingestao_bronze_pedidos_diaria.extrair_e_salvar_em_parquet scheduled__2017-05-01T00:00:00+00:00 [queued]>
[2026-04-15T16:51:34.348-0300] {taskinstance.py:2614} INFO - Dependencies all met for dep_context=requeueable deps ti=<TaskInstance: ingestao_bronze_pedidos_diaria.extrair_e_salvar_em_parquet scheduled__2017-05-01T00:00:00+00:00 [queued]>
[2026-04-15T16:51:34.348-0300] {taskinstance.py:2867} INFO - Starting attempt 1 of 1
[2026-04-15T16:51:34.355-0300] {taskinstance.py:2890} INFO - Executing <Task(BashOperator): extrair_e_salvar_em_parquet> on 2017-05-01 00:00:00+00:00
[2026-04-15T16:51:34.358-0300] {standard_task_runner.py:72} INFO - Started process 48794 to run task
[2026-04-15T16:51:34.360-0300] {standard_task_runner.py:104} INFO - Running: ['airflow', 'tasks', 'run', 'ingestao_bronze_pedidos_diaria', 'extrair_e_salvar_em_parquet', 'scheduled__2017-05-01T00:00:00+00:00', '--job-id', '3', '--raw', '--subdir', 'DAGS_FOLDER/dag_01_ingestao_bronze.py', '--cfg-path', '/tmp/tmp70hu0q7s']
[2026-04-15T16:51:34.361-0300] {standard_task_runner.py:105} INFO - Job 3: Subtask extrair_e_salvar_em_parquet
[2026-04-15T16:51:34.381-0300] {task_command.py:467} INFO - Running <TaskInstance: ingestao_bronze_pedidos_diaria.extrair_e_salvar_em_parquet scheduled__2017-05-01T00:00:00+00:00 [running]> on host klovys-MS-7C95
[2026-04-15T16:51:34.413-0300] {taskinstance.py:3134} INFO - Exporting env vars: AIRFLOW_CTX_DAG_OWNER='Hyann' AIRFLOW_CTX_DAG_ID='ingestao_bronze_pedidos_diaria' AIRFLOW_CTX_TASK_ID='extrair_e_salvar_em_parquet' AIRFLOW_CTX_EXECUTION_DATE='2017-05-01T00:00:00+00:00' AIRFLOW_CTX_TRY_NUMBER='1' AIRFLOW_CTX_DAG_RUN_ID='scheduled__2017-05-01T00:00:00+00:00'
[2026-04-15T16:51:34.414-0300] {taskinstance.py:732} INFO - ::endgroup::
[2026-04-15T16:51:34.422-0300] {subprocess.py:78} INFO - Tmp dir root location: /tmp
[2026-04-15T16:51:34.423-0300] {subprocess.py:88} INFO - Running command: ['/usr/bin/bash', '-c', '\n    /home/klovys/Projects/pipeline-lakehouse-local/venv/bin/python /home/klovys/Projects/pipeline-lakehouse-local/scripts/01_ingestao_bronze_pedidos.py 2017-05-01\n    ']
[2026-04-15T16:51:34.431-0300] {subprocess.py:99} INFO - Output:
[2026-04-15T16:51:34.727-0300] {subprocess.py:106} INFO - WARNING: Using incubator modules: jdk.incubator.vector
[2026-04-15T16:51:35.292-0300] {subprocess.py:106} INFO - Using Spark's default log4j profile: org/apache/spark/log4j2-defaults.properties
[2026-04-15T16:51:35.313-0300] {subprocess.py:106} INFO - 26/04/15 16:51:35 WARN Utils: Your hostname, klovys-MS-7C95, resolves to a loopback address: 127.0.1.1; using 192.168.100.30 instead (on interface enp4s0)
[2026-04-15T16:51:35.315-0300] {subprocess.py:106} INFO - 26/04/15 16:51:35 WARN Utils: Set SPARK_LOCAL_IP if you need to bind to another address
[2026-04-15T16:51:35.520-0300] {subprocess.py:106} INFO - Using Spark's default log4j profile: org/apache/spark/log4j2-defaults.properties
[2026-04-15T16:51:35.520-0300] {subprocess.py:106} INFO - Setting default log level to "WARN".
[2026-04-15T16:51:35.521-0300] {subprocess.py:106} INFO - To adjust logging level use sc.setLogLevel(newLevel). For SparkR, use setLogLevel(newLevel).
[2026-04-15T16:51:35.655-0300] {subprocess.py:106} INFO - 26/04/15 16:51:35 WARN NativeCodeLoader: Unable to load native-hadoop library for your platform... using builtin-java classes where applicable
[2026-04-15T16:51:40.829-0300] {subprocess.py:106} INFO - Data de processamento: 2017-05-01
[2026-04-15T16:51:40.829-0300] {subprocess.py:106} INFO - Spark Inicializado
[2026-04-15T16:51:40.829-0300] {subprocess.py:106} INFO - Salvando 117 registros na Bronze
[2026-04-15T16:51:40.830-0300] {subprocess.py:106} INFO - Ingestão finalizada com Exito.
[2026-04-15T16:51:40.830-0300] {subprocess.py:106} INFO - Spark Finalizado
[2026-04-15T16:51:41.220-0300] {subprocess.py:110} INFO - Command exited with return code 0
[2026-04-15T16:51:41.230-0300] {taskinstance.py:341} INFO - ::group::Post task execution logs
[2026-04-15T16:51:41.231-0300] {taskinstance.py:353} INFO - Marking task as SUCCESS. dag_id=ingestao_bronze_pedidos_diaria, task_id=extrair_e_salvar_em_parquet, run_id=scheduled__2017-05-01T00:00:00+00:00, execution_date=20170501T000000, start_date=20260415T195134, end_date=20260415T195141
[2026-04-15T16:51:41.245-0300] {local_task_job_runner.py:266} INFO - Task exited with return code 0
[2026-04-15T16:51:41.249-0300] {taskinstance.py:3901} INFO - 0 downstream tasks scheduled from follow-on schedule check
[2026-04-15T16:51:41.250-0300] {local_task_job_runner.py:245} INFO - ::endgroup::
