[2026-04-15T16:52:26.060-0300] {local_task_job_runner.py:123} INFO - ::group::Pre task execution logs
[2026-04-15T16:52:26.066-0300] {taskinstance.py:2614} INFO - Dependencies all met for dep_context=non-requeueable deps ti=<TaskInstance: ingestao_bronze_pedidos_diaria.extrair_e_salvar_em_parquet scheduled__2017-05-07T00:00:00+00:00 [queued]>
[2026-04-15T16:52:26.070-0300] {taskinstance.py:2614} INFO - Dependencies all met for dep_context=requeueable deps ti=<TaskInstance: ingestao_bronze_pedidos_diaria.extrair_e_salvar_em_parquet scheduled__2017-05-07T00:00:00+00:00 [queued]>
[2026-04-15T16:52:26.071-0300] {taskinstance.py:2867} INFO - Starting attempt 1 of 1
[2026-04-15T16:52:26.081-0300] {taskinstance.py:2890} INFO - Executing <Task(BashOperator): extrair_e_salvar_em_parquet> on 2017-05-07 00:00:00+00:00
[2026-04-15T16:52:26.085-0300] {standard_task_runner.py:72} INFO - Started process 51226 to run task
[2026-04-15T16:52:26.088-0300] {standard_task_runner.py:104} INFO - Running: ['airflow', 'tasks', 'run', 'ingestao_bronze_pedidos_diaria', 'extrair_e_salvar_em_parquet', 'scheduled__2017-05-07T00:00:00+00:00', '--job-id', '9', '--raw', '--subdir', 'DAGS_FOLDER/dag_01_ingestao_bronze.py', '--cfg-path', '/tmp/tmpb3sn2g5q']
[2026-04-15T16:52:26.088-0300] {standard_task_runner.py:105} INFO - Job 9: Subtask extrair_e_salvar_em_parquet
[2026-04-15T16:52:26.109-0300] {task_command.py:467} INFO - Running <TaskInstance: ingestao_bronze_pedidos_diaria.extrair_e_salvar_em_parquet scheduled__2017-05-07T00:00:00+00:00 [running]> on host klovys-MS-7C95
[2026-04-15T16:52:26.144-0300] {taskinstance.py:3134} INFO - Exporting env vars: AIRFLOW_CTX_DAG_OWNER='Hyann' AIRFLOW_CTX_DAG_ID='ingestao_bronze_pedidos_diaria' AIRFLOW_CTX_TASK_ID='extrair_e_salvar_em_parquet' AIRFLOW_CTX_EXECUTION_DATE='2017-05-07T00:00:00+00:00' AIRFLOW_CTX_TRY_NUMBER='1' AIRFLOW_CTX_DAG_RUN_ID='scheduled__2017-05-07T00:00:00+00:00'
[2026-04-15T16:52:26.145-0300] {taskinstance.py:732} INFO - ::endgroup::
[2026-04-15T16:52:26.153-0300] {subprocess.py:78} INFO - Tmp dir root location: /tmp
[2026-04-15T16:52:26.153-0300] {subprocess.py:88} INFO - Running command: ['/usr/bin/bash', '-c', '\n    /home/klovys/Projects/pipeline-lakehouse-local/venv/bin/python /home/klovys/Projects/pipeline-lakehouse-local/scripts/01_ingestao_bronze_pedidos.py 2017-05-07\n    ']
[2026-04-15T16:52:26.159-0300] {subprocess.py:99} INFO - Output:
[2026-04-15T16:52:26.434-0300] {subprocess.py:106} INFO - WARNING: Using incubator modules: jdk.incubator.vector
[2026-04-15T16:52:27.021-0300] {subprocess.py:106} INFO - Using Spark's default log4j profile: org/apache/spark/log4j2-defaults.properties
[2026-04-15T16:52:27.042-0300] {subprocess.py:106} INFO - 26/04/15 16:52:27 WARN Utils: Your hostname, klovys-MS-7C95, resolves to a loopback address: 127.0.1.1; using 192.168.100.30 instead (on interface enp4s0)
[2026-04-15T16:52:27.044-0300] {subprocess.py:106} INFO - 26/04/15 16:52:27 WARN Utils: Set SPARK_LOCAL_IP if you need to bind to another address
[2026-04-15T16:52:27.255-0300] {subprocess.py:106} INFO - Using Spark's default log4j profile: org/apache/spark/log4j2-defaults.properties
[2026-04-15T16:52:27.256-0300] {subprocess.py:106} INFO - Setting default log level to "WARN".
[2026-04-15T16:52:27.256-0300] {subprocess.py:106} INFO - To adjust logging level use sc.setLogLevel(newLevel). For SparkR, use setLogLevel(newLevel).
[2026-04-15T16:52:27.483-0300] {subprocess.py:106} INFO - 26/04/15 16:52:27 WARN NativeCodeLoader: Unable to load native-hadoop library for your platform... using builtin-java classes where applicable
[2026-04-15T16:52:33.178-0300] {subprocess.py:106} INFO - [Stage 5:>                                                          (0 + 5) / 5]                                                                                Data de processamento: 2017-05-07
[2026-04-15T16:52:33.178-0300] {subprocess.py:106} INFO - Spark Inicializado
[2026-04-15T16:52:33.178-0300] {subprocess.py:106} INFO - Salvando 111 registros na Bronze
[2026-04-15T16:52:33.179-0300] {subprocess.py:106} INFO - Ingestão finalizada com Exito.
[2026-04-15T16:52:33.179-0300] {subprocess.py:106} INFO - Spark Finalizado
[2026-04-15T16:52:33.565-0300] {subprocess.py:110} INFO - Command exited with return code 0
[2026-04-15T16:52:33.576-0300] {taskinstance.py:341} INFO - ::group::Post task execution logs
[2026-04-15T16:52:33.577-0300] {taskinstance.py:353} INFO - Marking task as SUCCESS. dag_id=ingestao_bronze_pedidos_diaria, task_id=extrair_e_salvar_em_parquet, run_id=scheduled__2017-05-07T00:00:00+00:00, execution_date=20170507T000000, start_date=20260415T195226, end_date=20260415T195233
[2026-04-15T16:52:33.592-0300] {local_task_job_runner.py:266} INFO - Task exited with return code 0
[2026-04-15T16:52:33.598-0300] {taskinstance.py:3901} INFO - 0 downstream tasks scheduled from follow-on schedule check
[2026-04-15T16:52:33.599-0300] {local_task_job_runner.py:245} INFO - ::endgroup::
