[2026-04-15T16:44:00.106-0300] {processor.py:186} INFO - Started process (PID=46553) to work on /home/klovys/Projects/pipeline-lakehouse-local/airflow/dags/dag_01_ingestao_bronze.py
[2026-04-15T16:44:00.106-0300] {processor.py:914} INFO - Processing file /home/klovys/Projects/pipeline-lakehouse-local/airflow/dags/dag_01_ingestao_bronze.py for tasks to queue
[2026-04-15T16:44:00.107-0300] {logging_mixin.py:190} INFO - [2026-04-15T16:44:00.107-0300] {dagbag.py:588} INFO - Filling up the DagBag from /home/klovys/Projects/pipeline-lakehouse-local/airflow/dags/dag_01_ingestao_bronze.py
[2026-04-15T16:44:00.114-0300] {processor.py:925} INFO - DAG(s) 'ingestao_bronze_pedidos_diaria' retrieved from /home/klovys/Projects/pipeline-lakehouse-local/airflow/dags/dag_01_ingestao_bronze.py
[2026-04-15T16:44:00.178-0300] {logging_mixin.py:190} INFO - [2026-04-15T16:44:00.177-0300] {override.py:1930} INFO - Created Permission View: can read on DAG:ingestao_bronze_pedidos_diaria
[2026-04-15T16:44:00.184-0300] {logging_mixin.py:190} INFO - [2026-04-15T16:44:00.183-0300] {override.py:1930} INFO - Created Permission View: can delete on DAG:ingestao_bronze_pedidos_diaria
[2026-04-15T16:44:00.188-0300] {logging_mixin.py:190} INFO - [2026-04-15T16:44:00.188-0300] {override.py:1930} INFO - Created Permission View: can edit on DAG:ingestao_bronze_pedidos_diaria
[2026-04-15T16:44:00.194-0300] {logging_mixin.py:190} INFO - [2026-04-15T16:44:00.194-0300] {override.py:1930} INFO - Created Permission View: can read on DAG Run:ingestao_bronze_pedidos_diaria
[2026-04-15T16:44:00.199-0300] {logging_mixin.py:190} INFO - [2026-04-15T16:44:00.199-0300] {override.py:1930} INFO - Created Permission View: can delete on DAG Run:ingestao_bronze_pedidos_diaria
[2026-04-15T16:44:00.203-0300] {logging_mixin.py:190} INFO - [2026-04-15T16:44:00.203-0300] {override.py:1930} INFO - Created Permission View: can create on DAG Run:ingestao_bronze_pedidos_diaria
[2026-04-15T16:44:00.208-0300] {logging_mixin.py:190} INFO - [2026-04-15T16:44:00.208-0300] {override.py:1930} INFO - Created Permission View: menu access on DAG Run:ingestao_bronze_pedidos_diaria
[2026-04-15T16:44:00.208-0300] {logging_mixin.py:190} INFO - [2026-04-15T16:44:00.208-0300] {dag.py:3239} INFO - Sync 1 DAGs
[2026-04-15T16:44:00.214-0300] {logging_mixin.py:190} INFO - [2026-04-15T16:44:00.214-0300] {dag.py:3262} INFO - Creating ORM DAG for ingestao_bronze_pedidos_diaria
[2026-04-15T16:44:00.220-0300] {logging_mixin.py:190} INFO - [2026-04-15T16:44:00.220-0300] {dag.py:4180} INFO - Setting next_dagrun for ingestao_bronze_pedidos_diaria to 2017-05-01 00:00:00+00:00, run_after=2017-05-02 00:00:00+00:00
[2026-04-15T16:44:00.231-0300] {processor.py:208} INFO - Processing /home/klovys/Projects/pipeline-lakehouse-local/airflow/dags/dag_01_ingestao_bronze.py took 0.128 seconds
[2026-04-15T16:45:06.407-0300] {processor.py:186} INFO - Started process (PID=46801) to work on /home/klovys/Projects/pipeline-lakehouse-local/airflow/dags/dag_01_ingestao_bronze.py
[2026-04-15T16:45:06.407-0300] {processor.py:914} INFO - Processing file /home/klovys/Projects/pipeline-lakehouse-local/airflow/dags/dag_01_ingestao_bronze.py for tasks to queue
[2026-04-15T16:45:06.408-0300] {logging_mixin.py:190} INFO - [2026-04-15T16:45:06.408-0300] {dagbag.py:588} INFO - Filling up the DagBag from /home/klovys/Projects/pipeline-lakehouse-local/airflow/dags/dag_01_ingestao_bronze.py
[2026-04-15T16:45:06.417-0300] {processor.py:925} INFO - DAG(s) 'ingestao_bronze_pedidos_diaria' retrieved from /home/klovys/Projects/pipeline-lakehouse-local/airflow/dags/dag_01_ingestao_bronze.py
[2026-04-15T16:45:06.432-0300] {logging_mixin.py:190} INFO - [2026-04-15T16:45:06.432-0300] {dag.py:3239} INFO - Sync 1 DAGs
[2026-04-15T16:45:06.447-0300] {logging_mixin.py:190} INFO - [2026-04-15T16:45:06.447-0300] {dag.py:4180} INFO - Setting next_dagrun for ingestao_bronze_pedidos_diaria to 2017-05-01 00:00:00+00:00, run_after=2017-05-02 00:00:00+00:00
[2026-04-15T16:45:06.465-0300] {processor.py:208} INFO - Processing /home/klovys/Projects/pipeline-lakehouse-local/airflow/dags/dag_01_ingestao_bronze.py took 0.062 seconds
[2026-04-15T16:46:02.080-0300] {processor.py:186} INFO - Started process (PID=47406) to work on /home/klovys/Projects/pipeline-lakehouse-local/airflow/dags/dag_01_ingestao_bronze.py
[2026-04-15T16:46:02.084-0300] {processor.py:914} INFO - Processing file /home/klovys/Projects/pipeline-lakehouse-local/airflow/dags/dag_01_ingestao_bronze.py for tasks to queue
[2026-04-15T16:46:02.085-0300] {logging_mixin.py:190} INFO - [2026-04-15T16:46:02.085-0300] {dagbag.py:588} INFO - Filling up the DagBag from /home/klovys/Projects/pipeline-lakehouse-local/airflow/dags/dag_01_ingestao_bronze.py
[2026-04-15T16:46:02.092-0300] {processor.py:925} INFO - DAG(s) 'ingestao_bronze_pedidos_diaria' retrieved from /home/klovys/Projects/pipeline-lakehouse-local/airflow/dags/dag_01_ingestao_bronze.py
[2026-04-15T16:46:02.100-0300] {logging_mixin.py:190} INFO - [2026-04-15T16:46:02.100-0300] {dag.py:3239} INFO - Sync 1 DAGs
[2026-04-15T16:46:02.113-0300] {logging_mixin.py:190} INFO - [2026-04-15T16:46:02.113-0300] {dag.py:4180} INFO - Setting next_dagrun for ingestao_bronze_pedidos_diaria to 2017-05-01 00:00:00+00:00, run_after=2017-05-02 00:00:00+00:00
[2026-04-15T16:46:02.124-0300] {processor.py:208} INFO - Processing /home/klovys/Projects/pipeline-lakehouse-local/airflow/dags/dag_01_ingestao_bronze.py took 0.048 seconds
[2026-04-15T16:46:52.170-0300] {processor.py:186} INFO - Started process (PID=47548) to work on /home/klovys/Projects/pipeline-lakehouse-local/airflow/dags/dag_01_ingestao_bronze.py
[2026-04-15T16:46:52.171-0300] {processor.py:914} INFO - Processing file /home/klovys/Projects/pipeline-lakehouse-local/airflow/dags/dag_01_ingestao_bronze.py for tasks to queue
[2026-04-15T16:46:52.172-0300] {logging_mixin.py:190} INFO - [2026-04-15T16:46:52.172-0300] {dagbag.py:588} INFO - Filling up the DagBag from /home/klovys/Projects/pipeline-lakehouse-local/airflow/dags/dag_01_ingestao_bronze.py
[2026-04-15T16:46:52.178-0300] {processor.py:925} INFO - DAG(s) 'ingestao_bronze_pedidos_diaria' retrieved from /home/klovys/Projects/pipeline-lakehouse-local/airflow/dags/dag_01_ingestao_bronze.py
[2026-04-15T16:46:52.186-0300] {logging_mixin.py:190} INFO - [2026-04-15T16:46:52.186-0300] {dag.py:3239} INFO - Sync 1 DAGs
[2026-04-15T16:46:52.198-0300] {logging_mixin.py:190} INFO - [2026-04-15T16:46:52.198-0300] {dag.py:4180} INFO - Setting next_dagrun for ingestao_bronze_pedidos_diaria to 2017-05-01 00:00:00+00:00, run_after=2017-05-02 00:00:00+00:00
[2026-04-15T16:46:52.209-0300] {processor.py:208} INFO - Processing /home/klovys/Projects/pipeline-lakehouse-local/airflow/dags/dag_01_ingestao_bronze.py took 0.042 seconds
[2026-04-15T16:49:25.415-0300] {processor.py:186} INFO - Started process (PID=47992) to work on /home/klovys/Projects/pipeline-lakehouse-local/airflow/dags/dag_01_ingestao_bronze.py
[2026-04-15T16:49:25.416-0300] {processor.py:914} INFO - Processing file /home/klovys/Projects/pipeline-lakehouse-local/airflow/dags/dag_01_ingestao_bronze.py for tasks to queue
[2026-04-15T16:49:25.417-0300] {logging_mixin.py:190} INFO - [2026-04-15T16:49:25.416-0300] {dagbag.py:588} INFO - Filling up the DagBag from /home/klovys/Projects/pipeline-lakehouse-local/airflow/dags/dag_01_ingestao_bronze.py
[2026-04-15T16:49:25.424-0300] {processor.py:925} INFO - DAG(s) 'ingestao_bronze_pedidos_diaria' retrieved from /home/klovys/Projects/pipeline-lakehouse-local/airflow/dags/dag_01_ingestao_bronze.py
[2026-04-15T16:49:25.492-0300] {logging_mixin.py:190} INFO - [2026-04-15T16:49:25.491-0300] {override.py:1930} INFO - Created Permission View: can read on DAG:ingestao_bronze_pedidos_diaria
[2026-04-15T16:49:25.500-0300] {logging_mixin.py:190} INFO - [2026-04-15T16:49:25.500-0300] {override.py:1930} INFO - Created Permission View: can edit on DAG:ingestao_bronze_pedidos_diaria
[2026-04-15T16:49:25.506-0300] {logging_mixin.py:190} INFO - [2026-04-15T16:49:25.506-0300] {override.py:1930} INFO - Created Permission View: can delete on DAG:ingestao_bronze_pedidos_diaria
[2026-04-15T16:49:25.514-0300] {logging_mixin.py:190} INFO - [2026-04-15T16:49:25.513-0300] {override.py:1930} INFO - Created Permission View: can create on DAG Run:ingestao_bronze_pedidos_diaria
[2026-04-15T16:49:25.519-0300] {logging_mixin.py:190} INFO - [2026-04-15T16:49:25.518-0300] {override.py:1930} INFO - Created Permission View: can read on DAG Run:ingestao_bronze_pedidos_diaria
[2026-04-15T16:49:25.524-0300] {logging_mixin.py:190} INFO - [2026-04-15T16:49:25.523-0300] {override.py:1930} INFO - Created Permission View: menu access on DAG Run:ingestao_bronze_pedidos_diaria
[2026-04-15T16:49:25.528-0300] {logging_mixin.py:190} INFO - [2026-04-15T16:49:25.528-0300] {override.py:1930} INFO - Created Permission View: can delete on DAG Run:ingestao_bronze_pedidos_diaria
[2026-04-15T16:49:25.528-0300] {logging_mixin.py:190} INFO - [2026-04-15T16:49:25.528-0300] {dag.py:3239} INFO - Sync 1 DAGs
[2026-04-15T16:49:25.535-0300] {logging_mixin.py:190} INFO - [2026-04-15T16:49:25.535-0300] {dag.py:3262} INFO - Creating ORM DAG for ingestao_bronze_pedidos_diaria
[2026-04-15T16:49:25.541-0300] {logging_mixin.py:190} INFO - [2026-04-15T16:49:25.541-0300] {dag.py:4180} INFO - Setting next_dagrun for ingestao_bronze_pedidos_diaria to 2017-05-01 00:00:00+00:00, run_after=2017-05-02 00:00:00+00:00
[2026-04-15T16:49:25.550-0300] {processor.py:208} INFO - Processing /home/klovys/Projects/pipeline-lakehouse-local/airflow/dags/dag_01_ingestao_bronze.py took 0.138 seconds
[2026-04-15T16:49:31.420-0300] {processor.py:186} INFO - Started process (PID=48053) to work on /home/klovys/Projects/pipeline-lakehouse-local/airflow/dags/dag_01_ingestao_bronze.py
[2026-04-15T16:49:31.420-0300] {processor.py:914} INFO - Processing file /home/klovys/Projects/pipeline-lakehouse-local/airflow/dags/dag_01_ingestao_bronze.py for tasks to queue
[2026-04-15T16:49:31.421-0300] {logging_mixin.py:190} INFO - [2026-04-15T16:49:31.421-0300] {dagbag.py:588} INFO - Filling up the DagBag from /home/klovys/Projects/pipeline-lakehouse-local/airflow/dags/dag_01_ingestao_bronze.py
[2026-04-15T16:49:31.430-0300] {processor.py:925} INFO - DAG(s) 'ingestao_bronze_pedidos_diaria' retrieved from /home/klovys/Projects/pipeline-lakehouse-local/airflow/dags/dag_01_ingestao_bronze.py
[2026-04-15T16:49:31.435-0300] {logging_mixin.py:190} INFO - [2026-04-15T16:49:31.435-0300] {dag.py:3239} INFO - Sync 1 DAGs
[2026-04-15T16:49:31.447-0300] {logging_mixin.py:190} INFO - [2026-04-15T16:49:31.447-0300] {dag.py:4180} INFO - Setting next_dagrun for ingestao_bronze_pedidos_diaria to 2017-05-01 00:00:00+00:00, run_after=2017-05-02 00:00:00+00:00
[2026-04-15T16:49:31.459-0300] {processor.py:208} INFO - Processing /home/klovys/Projects/pipeline-lakehouse-local/airflow/dags/dag_01_ingestao_bronze.py took 0.043 seconds
[2026-04-15T16:50:01.597-0300] {processor.py:186} INFO - Started process (PID=48388) to work on /home/klovys/Projects/pipeline-lakehouse-local/airflow/dags/dag_01_ingestao_bronze.py
[2026-04-15T16:50:01.601-0300] {processor.py:914} INFO - Processing file /home/klovys/Projects/pipeline-lakehouse-local/airflow/dags/dag_01_ingestao_bronze.py for tasks to queue
[2026-04-15T16:50:01.602-0300] {logging_mixin.py:190} INFO - [2026-04-15T16:50:01.602-0300] {dagbag.py:588} INFO - Filling up the DagBag from /home/klovys/Projects/pipeline-lakehouse-local/airflow/dags/dag_01_ingestao_bronze.py
[2026-04-15T16:50:01.609-0300] {processor.py:925} INFO - DAG(s) 'ingestao_bronze_pedidos_diaria' retrieved from /home/klovys/Projects/pipeline-lakehouse-local/airflow/dags/dag_01_ingestao_bronze.py
[2026-04-15T16:50:01.670-0300] {logging_mixin.py:190} INFO - [2026-04-15T16:50:01.670-0300] {dag.py:3239} INFO - Sync 1 DAGs
[2026-04-15T16:50:01.681-0300] {logging_mixin.py:190} INFO - [2026-04-15T16:50:01.681-0300] {dag.py:4180} INFO - Setting next_dagrun for ingestao_bronze_pedidos_diaria to 2017-05-01 00:00:00+00:00, run_after=2017-05-02 00:00:00+00:00
[2026-04-15T16:50:01.692-0300] {processor.py:208} INFO - Processing /home/klovys/Projects/pipeline-lakehouse-local/airflow/dags/dag_01_ingestao_bronze.py took 0.098 seconds
[2026-04-15T16:50:31.779-0300] {processor.py:186} INFO - Started process (PID=48521) to work on /home/klovys/Projects/pipeline-lakehouse-local/airflow/dags/dag_01_ingestao_bronze.py
[2026-04-15T16:50:31.779-0300] {processor.py:914} INFO - Processing file /home/klovys/Projects/pipeline-lakehouse-local/airflow/dags/dag_01_ingestao_bronze.py for tasks to queue
[2026-04-15T16:50:31.780-0300] {logging_mixin.py:190} INFO - [2026-04-15T16:50:31.780-0300] {dagbag.py:588} INFO - Filling up the DagBag from /home/klovys/Projects/pipeline-lakehouse-local/airflow/dags/dag_01_ingestao_bronze.py
[2026-04-15T16:50:31.788-0300] {processor.py:925} INFO - DAG(s) 'ingestao_bronze_pedidos_diaria' retrieved from /home/klovys/Projects/pipeline-lakehouse-local/airflow/dags/dag_01_ingestao_bronze.py
[2026-04-15T16:50:31.800-0300] {logging_mixin.py:190} INFO - [2026-04-15T16:50:31.799-0300] {dag.py:3239} INFO - Sync 1 DAGs
[2026-04-15T16:50:31.813-0300] {logging_mixin.py:190} INFO - [2026-04-15T16:50:31.813-0300] {dag.py:4180} INFO - Setting next_dagrun for ingestao_bronze_pedidos_diaria to 2017-05-01 00:00:00+00:00, run_after=2017-05-02 00:00:00+00:00
[2026-04-15T16:50:31.824-0300] {processor.py:208} INFO - Processing /home/klovys/Projects/pipeline-lakehouse-local/airflow/dags/dag_01_ingestao_bronze.py took 0.049 seconds
[2026-04-15T16:51:01.965-0300] {processor.py:186} INFO - Started process (PID=48693) to work on /home/klovys/Projects/pipeline-lakehouse-local/airflow/dags/dag_01_ingestao_bronze.py
[2026-04-15T16:51:01.969-0300] {processor.py:914} INFO - Processing file /home/klovys/Projects/pipeline-lakehouse-local/airflow/dags/dag_01_ingestao_bronze.py for tasks to queue
[2026-04-15T16:51:01.970-0300] {logging_mixin.py:190} INFO - [2026-04-15T16:51:01.970-0300] {dagbag.py:588} INFO - Filling up the DagBag from /home/klovys/Projects/pipeline-lakehouse-local/airflow/dags/dag_01_ingestao_bronze.py
[2026-04-15T16:51:01.978-0300] {processor.py:925} INFO - DAG(s) 'ingestao_bronze_pedidos_diaria' retrieved from /home/klovys/Projects/pipeline-lakehouse-local/airflow/dags/dag_01_ingestao_bronze.py
[2026-04-15T16:51:01.990-0300] {logging_mixin.py:190} INFO - [2026-04-15T16:51:01.990-0300] {dag.py:3239} INFO - Sync 1 DAGs
[2026-04-15T16:51:02.002-0300] {logging_mixin.py:190} INFO - [2026-04-15T16:51:02.002-0300] {dag.py:4180} INFO - Setting next_dagrun for ingestao_bronze_pedidos_diaria to 2017-05-01 00:00:00+00:00, run_after=2017-05-02 00:00:00+00:00
[2026-04-15T16:51:02.014-0300] {processor.py:208} INFO - Processing /home/klovys/Projects/pipeline-lakehouse-local/airflow/dags/dag_01_ingestao_bronze.py took 0.053 seconds
[2026-04-15T16:51:32.153-0300] {processor.py:186} INFO - Started process (PID=48766) to work on /home/klovys/Projects/pipeline-lakehouse-local/airflow/dags/dag_01_ingestao_bronze.py
[2026-04-15T16:51:32.153-0300] {processor.py:914} INFO - Processing file /home/klovys/Projects/pipeline-lakehouse-local/airflow/dags/dag_01_ingestao_bronze.py for tasks to queue
[2026-04-15T16:51:32.154-0300] {logging_mixin.py:190} INFO - [2026-04-15T16:51:32.154-0300] {dagbag.py:588} INFO - Filling up the DagBag from /home/klovys/Projects/pipeline-lakehouse-local/airflow/dags/dag_01_ingestao_bronze.py
[2026-04-15T16:51:32.161-0300] {processor.py:925} INFO - DAG(s) 'ingestao_bronze_pedidos_diaria' retrieved from /home/klovys/Projects/pipeline-lakehouse-local/airflow/dags/dag_01_ingestao_bronze.py
[2026-04-15T16:51:32.176-0300] {logging_mixin.py:190} INFO - [2026-04-15T16:51:32.176-0300] {dag.py:3239} INFO - Sync 1 DAGs
[2026-04-15T16:51:32.188-0300] {logging_mixin.py:190} INFO - [2026-04-15T16:51:32.188-0300] {dag.py:4180} INFO - Setting next_dagrun for ingestao_bronze_pedidos_diaria to 2017-05-01 00:00:00+00:00, run_after=2017-05-02 00:00:00+00:00
[2026-04-15T16:51:32.199-0300] {processor.py:208} INFO - Processing /home/klovys/Projects/pipeline-lakehouse-local/airflow/dags/dag_01_ingestao_bronze.py took 0.050 seconds
[2026-04-15T16:52:07.308-0300] {processor.py:186} INFO - Started process (PID=50424) to work on /home/klovys/Projects/pipeline-lakehouse-local/airflow/dags/dag_01_ingestao_bronze.py
[2026-04-15T16:52:07.309-0300] {processor.py:914} INFO - Processing file /home/klovys/Projects/pipeline-lakehouse-local/airflow/dags/dag_01_ingestao_bronze.py for tasks to queue
[2026-04-15T16:52:07.310-0300] {logging_mixin.py:190} INFO - [2026-04-15T16:52:07.310-0300] {dagbag.py:588} INFO - Filling up the DagBag from /home/klovys/Projects/pipeline-lakehouse-local/airflow/dags/dag_01_ingestao_bronze.py
[2026-04-15T16:52:07.317-0300] {processor.py:925} INFO - DAG(s) 'ingestao_bronze_pedidos_diaria' retrieved from /home/klovys/Projects/pipeline-lakehouse-local/airflow/dags/dag_01_ingestao_bronze.py
[2026-04-15T16:52:07.331-0300] {logging_mixin.py:190} INFO - [2026-04-15T16:52:07.331-0300] {dag.py:3239} INFO - Sync 1 DAGs
[2026-04-15T16:52:07.343-0300] {logging_mixin.py:190} INFO - [2026-04-15T16:52:07.343-0300] {dag.py:4180} INFO - Setting next_dagrun for ingestao_bronze_pedidos_diaria to 2017-05-05 00:00:00+00:00, run_after=2017-05-06 00:00:00+00:00
[2026-04-15T16:52:07.361-0300] {processor.py:208} INFO - Processing /home/klovys/Projects/pipeline-lakehouse-local/airflow/dags/dag_01_ingestao_bronze.py took 0.056 seconds
[2026-04-15T16:52:42.496-0300] {processor.py:186} INFO - Started process (PID=52021) to work on /home/klovys/Projects/pipeline-lakehouse-local/airflow/dags/dag_01_ingestao_bronze.py
[2026-04-15T16:52:42.497-0300] {processor.py:914} INFO - Processing file /home/klovys/Projects/pipeline-lakehouse-local/airflow/dags/dag_01_ingestao_bronze.py for tasks to queue
[2026-04-15T16:52:42.498-0300] {logging_mixin.py:190} INFO - [2026-04-15T16:52:42.497-0300] {dagbag.py:588} INFO - Filling up the DagBag from /home/klovys/Projects/pipeline-lakehouse-local/airflow/dags/dag_01_ingestao_bronze.py
[2026-04-15T16:52:42.507-0300] {processor.py:925} INFO - DAG(s) 'ingestao_bronze_pedidos_diaria' retrieved from /home/klovys/Projects/pipeline-lakehouse-local/airflow/dags/dag_01_ingestao_bronze.py
[2026-04-15T16:52:42.522-0300] {logging_mixin.py:190} INFO - [2026-04-15T16:52:42.522-0300] {dag.py:3239} INFO - Sync 1 DAGs
[2026-04-15T16:52:42.534-0300] {logging_mixin.py:190} INFO - [2026-04-15T16:52:42.534-0300] {dag.py:4180} INFO - Setting next_dagrun for ingestao_bronze_pedidos_diaria to 2017-05-09 00:00:00+00:00, run_after=2017-05-10 00:00:00+00:00
[2026-04-15T16:52:42.545-0300] {processor.py:208} INFO - Processing /home/klovys/Projects/pipeline-lakehouse-local/airflow/dags/dag_01_ingestao_bronze.py took 0.053 seconds
[2026-04-15T16:53:17.224-0300] {processor.py:186} INFO - Started process (PID=53597) to work on /home/klovys/Projects/pipeline-lakehouse-local/airflow/dags/dag_01_ingestao_bronze.py
[2026-04-15T16:53:17.225-0300] {processor.py:914} INFO - Processing file /home/klovys/Projects/pipeline-lakehouse-local/airflow/dags/dag_01_ingestao_bronze.py for tasks to queue
[2026-04-15T16:53:17.226-0300] {logging_mixin.py:190} INFO - [2026-04-15T16:53:17.225-0300] {dagbag.py:588} INFO - Filling up the DagBag from /home/klovys/Projects/pipeline-lakehouse-local/airflow/dags/dag_01_ingestao_bronze.py
[2026-04-15T16:53:17.236-0300] {processor.py:925} INFO - DAG(s) 'ingestao_bronze_pedidos_diaria' retrieved from /home/klovys/Projects/pipeline-lakehouse-local/airflow/dags/dag_01_ingestao_bronze.py
[2026-04-15T16:53:17.252-0300] {logging_mixin.py:190} INFO - [2026-04-15T16:53:17.252-0300] {dag.py:3239} INFO - Sync 1 DAGs
[2026-04-15T16:53:17.265-0300] {logging_mixin.py:190} INFO - [2026-04-15T16:53:17.265-0300] {dag.py:4180} INFO - Setting next_dagrun for ingestao_bronze_pedidos_diaria to 2017-05-13 00:00:00+00:00, run_after=2017-05-14 00:00:00+00:00
[2026-04-15T16:53:17.276-0300] {processor.py:208} INFO - Processing /home/klovys/Projects/pipeline-lakehouse-local/airflow/dags/dag_01_ingestao_bronze.py took 0.057 seconds
[2026-04-15T16:53:53.652-0300] {processor.py:186} INFO - Started process (PID=55215) to work on /home/klovys/Projects/pipeline-lakehouse-local/airflow/dags/dag_01_ingestao_bronze.py
[2026-04-15T16:53:53.652-0300] {processor.py:914} INFO - Processing file /home/klovys/Projects/pipeline-lakehouse-local/airflow/dags/dag_01_ingestao_bronze.py for tasks to queue
[2026-04-15T16:53:53.654-0300] {logging_mixin.py:190} INFO - [2026-04-15T16:53:53.653-0300] {dagbag.py:588} INFO - Filling up the DagBag from /home/klovys/Projects/pipeline-lakehouse-local/airflow/dags/dag_01_ingestao_bronze.py
[2026-04-15T16:53:53.663-0300] {processor.py:925} INFO - DAG(s) 'ingestao_bronze_pedidos_diaria' retrieved from /home/klovys/Projects/pipeline-lakehouse-local/airflow/dags/dag_01_ingestao_bronze.py
[2026-04-15T16:53:53.682-0300] {logging_mixin.py:190} INFO - [2026-04-15T16:53:53.681-0300] {dag.py:3239} INFO - Sync 1 DAGs
[2026-04-15T16:53:53.695-0300] {logging_mixin.py:190} INFO - [2026-04-15T16:53:53.695-0300] {dag.py:4180} INFO - Setting next_dagrun for ingestao_bronze_pedidos_diaria to 2017-05-17 00:00:00+00:00, run_after=2017-05-18 00:00:00+00:00
[2026-04-15T16:53:53.706-0300] {processor.py:208} INFO - Processing /home/klovys/Projects/pipeline-lakehouse-local/airflow/dags/dag_01_ingestao_bronze.py took 0.059 seconds
[2026-04-15T16:54:23.797-0300] {processor.py:186} INFO - Started process (PID=55291) to work on /home/klovys/Projects/pipeline-lakehouse-local/airflow/dags/dag_01_ingestao_bronze.py
[2026-04-15T16:54:23.797-0300] {processor.py:914} INFO - Processing file /home/klovys/Projects/pipeline-lakehouse-local/airflow/dags/dag_01_ingestao_bronze.py for tasks to queue
[2026-04-15T16:54:23.798-0300] {logging_mixin.py:190} INFO - [2026-04-15T16:54:23.798-0300] {dagbag.py:588} INFO - Filling up the DagBag from /home/klovys/Projects/pipeline-lakehouse-local/airflow/dags/dag_01_ingestao_bronze.py
[2026-04-15T16:54:23.805-0300] {processor.py:925} INFO - DAG(s) 'ingestao_bronze_pedidos_diaria' retrieved from /home/klovys/Projects/pipeline-lakehouse-local/airflow/dags/dag_01_ingestao_bronze.py
[2026-04-15T16:54:23.817-0300] {logging_mixin.py:190} INFO - [2026-04-15T16:54:23.817-0300] {dag.py:3239} INFO - Sync 1 DAGs
[2026-04-15T16:54:23.829-0300] {logging_mixin.py:190} INFO - [2026-04-15T16:54:23.829-0300] {dag.py:4180} INFO - Setting next_dagrun for ingestao_bronze_pedidos_diaria to 2017-05-17 00:00:00+00:00, run_after=2017-05-18 00:00:00+00:00
[2026-04-15T16:54:23.840-0300] {processor.py:208} INFO - Processing /home/klovys/Projects/pipeline-lakehouse-local/airflow/dags/dag_01_ingestao_bronze.py took 0.046 seconds
